app/build/intermediates/manifest_merge_blame_file/debug/manifest-merger-blame-debug-report.txt
1<?xml version="1.0" encoding="utf-8"?>
2<manifest xmlns:android="http://schemas.android.com/apk/res/android"
3    package="com.example.myapplication"
4    android:versionCode="1"
5    android:versionName="1.0" >
6
7    <uses-sdk
8        android:minSdkVersion="16"
8-->src\main\AndroidManifest.xml
9        android:targetSdkVersion="29" />
9-->src\main\AndroidManifest.xml
10
11    <uses-permission android:name="android.permission.ACCESS_NETWORK_STATE" />
11-->[com.google.firebase:firebase-database:16.0.4] AndroidManifest.xml:22:5-79
11-->[com.google.firebase:firebase-database:16.0.4] AndroidManifest.xml:22:22-76
12    <uses-permission android:name="android.permission.INTERNET" />
12-->[com.google.firebase:firebase-database:16.0.4] AndroidManifest.xml:23:5-67
12-->[com.google.firebase:firebase-database:16.0.4] AndroidManifest.xml:23:22-64
13    <uses-permission android:name="android.permission.WAKE_LOCK" />
13-->[com.google.android.gms:play-services-measurement:17.2.0] AndroidManifest.xml:25:5-68
13-->[com.google.android.gms:play-services-measurement:17.2.0] AndroidManifest.xml:25:22-65
14    <uses-permission android:name="com.google.android.finsky.permission.BIND_GET_INSTALL_REFERRER_SERVICE" /> <!-- Required by older versions of Google Play services to create IID tokens -->
14-->[com.google.android.gms:play-services-measurement:17.2.0] AndroidManifest.xml:26:5-110
14-->[com.google.android.gms:play-services-measurement:17.2.0] AndroidManifest.xml:26:22-107
15    <uses-permission android:name="com.google.android.c2dm.permission.RECEIVE" />
15-->[com.google.firebase:firebase-iid:19.0.0] AndroidManifest.xml:26:5-82
15-->[com.google.firebase:firebase-iid:19.0.0] AndroidManifest.xml:26:22-79
16
17    <application
17-->src\main\AndroidManifest.xml:5:5-19:19
18        android:allowBackup="true"
18-->src\main\AndroidManifest.xml:6:9-35
19        android:appComponentFactory="androidx.core.app.CoreComponentFactory"
19-->[androidx.core:core:1.0.1] AndroidManifest.xml:22:18-86
20        android:debuggable="true"
21        android:icon="@mipmap/ic_launcher"
21-->src\main\AndroidManifest.xml:7:9-43
22        android:label="@string/app_name"
22-->src\main\AndroidManifest.xml:8:9-41
23        android:roundIcon="@mipmap/ic_launcher_round"
23-->src\main\AndroidManifest.xml:9:9-54
24        android:supportsRtl="true"
24-->src\main\AndroidManifest.xml:10:9-35
25        android:theme="@style/AppTheme" >
25-->src\main\AndroidManifest.xml:11:9-40
26        <activity android:name="com.example.myapplication.MainActivity" >
26-->src\main\AndroidManifest.xml:12:9-18:20
26-->src\main\AndroidManifest.xml:12:19-47
27            <intent-filter>
27-->src\main\AndroidManifest.xml:13:13-17:29
28                <action android:name="android.intent.action.MAIN" />
28-->src\main\AndroidManifest.xml:14:17-69
28-->src\main\AndroidManifest.xml:14:25-66
29
30                <category android:name="android.intent.category.LAUNCHER" />
30-->src\main\AndroidManifest.xml:16:17-77
30-->src\main\AndroidManifest.xml:16:27-74
31            </intent-filter>
32        </activity>
33
34        <receiver
34-->[com.google.android.gms:play-services-measurement:17.2.0] AndroidManifest.xml:29:9-33:20
35            android:name="com.google.android.gms.measurement.AppMeasurementReceiver"
35-->[com.google.android.gms:play-services-measurement:17.2.0] AndroidManifest.xml:30:13-85
36            android:enabled="true"
36-->[com.google.android.gms:play-services-measurement:17.2.0] AndroidManifest.xml:31:13-35
37            android:exported="false" >
37-->[com.google.android.gms:play-services-measurement:17.2.0] AndroidManifest.xml:32:13-37
38        </receiver>
39        <receiver
39-->[com.google.android.gms:play-services-measurement:17.2.0] AndroidManifest.xml:34:9-42:20
40            android:name="com.google.android.gms.measurement.AppMeasurementInstallReferrerReceiver"
40-->[com.google.android.gms:play-services-measurement:17.2.0] AndroidManifest.xml:35:13-100
41            android:enabled="true"
41-->[com.google.android.gms:play-services-measurement:17.2.0] AndroidManifest.xml:36:13-35
42            android:exported="true"
42-->[com.google.android.gms:play-services-measurement:17.2.0] AndroidManifest.xml:37:13-36
43            android:permission="android.permission.INSTALL_PACKAGES" >
43-->[com.google.android.gms:play-services-measurement:17.2.0] AndroidManifest.xml:38:13-69
44            <intent-filter>
44-->[com.google.android.gms:play-services-measurement:17.2.0] AndroidManifest.xml:39:13-41:29
45                <action android:name="com.android.vending.INSTALL_REFERRER" />
45-->[com.google.android.gms:play-services-measurement:17.2.0] AndroidManifest.xml:40:17-79
45-->[com.google.android.gms:play-services-measurement:17.2.0] AndroidManifest.xml:40:25-76
46            </intent-filter>
47        </receiver>
48
49        <service
49-->[com.google.android.gms:play-services-measurement:17.2.0] AndroidManifest.xml:44:9-47:40
50            android:name="com.google.android.gms.measurement.AppMeasurementService"
50-->[com.google.android.gms:play-services-measurement:17.2.0] AndroidManifest.xml:45:13-84
51            android:enabled="true"
51-->[com.google.android.gms:play-services-measurement:17.2.0] AndroidManifest.xml:46:13-35
52            android:exported="false" />
52-->[com.google.android.gms:play-services-measurement:17.2.0] AndroidManifest.xml:47:13-37
53        <service
53-->[com.google.android.gms:play-services-measurement:17.2.0] AndroidManifest.xml:48:9-52:72
54            android:name="com.google.android.gms.measurement.AppMeasurementJobService"
54-->[com.google.android.gms:play-services-measurement:17.2.0] AndroidManifest.xml:49:13-87
55            android:enabled="true"
55-->[com.google.android.gms:play-services-measurement:17.2.0] AndroidManifest.xml:50:13-35
56            android:exported="false"
56-->[com.google.android.gms:play-services-measurement:17.2.0] AndroidManifest.xml:51:13-37
57            android:permission="android.permission.BIND_JOB_SERVICE" />
57-->[com.google.android.gms:play-services-measurement:17.2.0] AndroidManifest.xml:52:13-69
58        <service
58-->[com.google.android.gms:play-services-measurement-api:17.2.0] AndroidManifest.xml:27:9-33:19
59            android:name="com.google.firebase.components.ComponentDiscoveryService"
59-->[com.google.android.gms:play-services-measurement-api:17.2.0] AndroidManifest.xml:28:13-84
60            android:exported="false" >
60-->[com.google.android.gms:play-services-measurement-api:17.2.0] AndroidManifest.xml:29:13-37
61            <meta-data
61-->[com.google.android.gms:play-services-measurement-api:17.2.0] AndroidManifest.xml:30:13-32:85
62                android:name="com.google.firebase.components:com.google.firebase.analytics.connector.internal.AnalyticsConnectorRegistrar"
62-->[com.google.android.gms:play-services-measurement-api:17.2.0] AndroidManifest.xml:31:17-139
63                android:value="com.google.firebase.components.ComponentRegistrar" />
63-->[com.google.android.gms:play-services-measurement-api:17.2.0] AndroidManifest.xml:32:17-82
64            <meta-data
64-->[com.google.firebase:firebase-iid:19.0.0] AndroidManifest.xml:32:13-34:85
65                android:name="com.google.firebase.components:com.google.firebase.iid.Registrar"
65-->[com.google.firebase:firebase-iid:19.0.0] AndroidManifest.xml:33:17-96
66                android:value="com.google.firebase.components.ComponentRegistrar" />
66-->[com.google.firebase:firebase-iid:19.0.0] AndroidManifest.xml:34:17-82
67        </service>
68
69        <receiver
69-->[com.google.firebase:firebase-iid:19.0.0] AndroidManifest.xml:37:9-44:20
70            android:name="com.google.firebase.iid.FirebaseInstanceIdReceiver"
70-->[com.google.firebase:firebase-iid:19.0.0] AndroidManifest.xml:38:13-78
71            android:exported="true"
71-->[com.google.firebase:firebase-iid:19.0.0] AndroidManifest.xml:39:13-36
72            android:permission="com.google.android.c2dm.permission.SEND" >
72-->[com.google.firebase:firebase-iid:19.0.0] AndroidManifest.xml:40:13-73
73            <intent-filter>
73-->[com.google.firebase:firebase-iid:19.0.0] AndroidManifest.xml:41:13-43:29
74                <action android:name="com.google.android.c2dm.intent.RECEIVE" />
74-->[com.google.firebase:firebase-iid:19.0.0] AndroidManifest.xml:42:17-81
74-->[com.google.firebase:firebase-iid:19.0.0] AndroidManifest.xml:42:25-78
75            </intent-filter>
76        </receiver>
77
78        <provider
78-->[com.google.firebase:firebase-common:19.0.0] AndroidManifest.xml:12:9-16:39
79            android:name="com.google.firebase.provider.FirebaseInitProvider"
79-->[com.google.firebase:firebase-common:19.0.0] AndroidManifest.xml:13:13-77
80            android:authorities="com.example.myapplication.firebaseinitprovider"
80-->[com.google.firebase:firebase-common:19.0.0] AndroidManifest.xml:14:13-72
81            android:exported="false"
81-->[com.google.firebase:firebase-common:19.0.0] AndroidManifest.xml:15:13-37
82            android:initOrder="100" />
82-->[com.google.firebase:firebase-common:19.0.0] AndroidManifest.xml:16:13-36
83
84        <activity
84-->[com.google.android.gms:play-services-base:17.0.0] AndroidManifest.xml:23:9-26:75
85            android:name="com.google.android.gms.common.api.GoogleApiActivity"
85-->[com.google.android.gms:play-services-base:17.0.0] AndroidManifest.xml:24:13-79
86            android:exported="false"
86-->[com.google.android.gms:play-services-base:17.0.0] AndroidManifest.xml:25:13-37
87            android:theme="@android:style/Theme.Translucent.NoTitleBar" />
87-->[com.google.android.gms:play-services-base:17.0.0] AndroidManifest.xml:26:13-72
88
89        <meta-data
89-->[com.google.android.gms:play-services-basement:17.0.0] AndroidManifest.xml:23:9-25:69
90            android:name="com.google.android.gms.version"
90-->[com.google.android.gms:play-services-basement:17.0.0] AndroidManifest.xml:24:13-58
91            android:value="@integer/google_play_services_version" />
91-->[com.google.android.gms:play-services-basement:17.0.0] AndroidManifest.xml:25:13-66
92    </application>
93
94</manifest>